2023-06-26 22:57:57,940 [Worker-8: Loading available Gradle versions] INFO  o.e.b.c.i.u.g.PublishedGradleVersions - Gradle version information cache is out-of-date. Trying to update.
2023-06-26 22:59:04,726 [Worker-30: Creating project "WebDriverDemo"] INFO  o.e.m.c.i.l.LifecycleMappingFactory - Using org.eclipse.m2e.jdt.JarLifecycleMapping lifecycle mapping for MavenProject: com.maven.project:WebDriverDemo:0.0.1-SNAPSHOT @ H:\Professional\Workspace\GITWebDriver\WebDriverDemo\pom.xml.
2023-06-26 22:59:05,089 [Worker-30: Creating project "WebDriverDemo"] INFO  o.e.m.j.i.AbstractJavaProjectConfigurator - Adding source folder /WebDriverDemo/src/main/java
2023-06-26 22:59:05,094 [Worker-30: Creating project "WebDriverDemo"] INFO  o.e.m.j.i.AbstractJavaProjectConfigurator - Adding resource folder /WebDriverDemo/src/main/resources
2023-06-26 22:59:05,106 [Worker-30: Creating project "WebDriverDemo"] INFO  o.e.m.j.i.AbstractJavaProjectConfigurator - Adding source folder /WebDriverDemo/src/test/java
2023-06-26 22:59:05,106 [Worker-30: Creating project "WebDriverDemo"] INFO  o.e.m.j.i.AbstractJavaProjectConfigurator - Adding resource folder /WebDriverDemo/src/test/resources
2023-06-26 22:59:06,350 [Worker-33: Building] WARN  o.e.m.c.i.embedder.EclipseLogger - Using platform encoding (Cp1252 actually) to copy filtered resources, i.e. build is platform dependent!
2023-06-26 22:59:06,354 [Worker-33: Building] INFO  o.e.m.c.i.embedder.EclipseLogger - Copying 0 resource
2023-06-26 22:59:06,356 [Worker-33: Building] WARN  o.e.m.c.i.embedder.EclipseLogger - Using platform encoding (Cp1252 actually) to copy filtered resources, i.e. build is platform dependent!
2023-06-26 22:59:06,357 [Worker-33: Building] INFO  o.e.m.c.i.embedder.EclipseLogger - Copying 0 resource
2023-06-27 00:29:17,197 [Worker-22: Building] WARN  o.e.m.c.i.embedder.EclipseLogger - Using platform encoding (Cp1252 actually) to copy filtered resources, i.e. build is platform dependent!
2023-06-27 00:29:17,199 [Worker-22: Building] INFO  o.e.m.c.i.embedder.EclipseLogger - Copying 0 resource
2023-06-27 00:29:17,202 [Worker-22: Building] WARN  o.e.m.c.i.embedder.EclipseLogger - Using platform encoding (Cp1252 actually) to copy filtered resources, i.e. build is platform dependent!
2023-06-27 00:29:17,204 [Worker-22: Building] INFO  o.e.m.c.i.embedder.EclipseLogger - Copying 0 resource
2023-06-27 00:29:18,228 [Worker-39: Building] WARN  o.e.m.c.i.embedder.EclipseLogger - Using platform encoding (Cp1252 actually) to copy filtered resources, i.e. build is platform dependent!
2023-06-27 00:29:18,229 [Worker-39: Building] INFO  o.e.m.c.i.embedder.EclipseLogger - Copying 0 resource
2023-06-27 00:29:18,232 [Worker-39: Building] WARN  o.e.m.c.i.embedder.EclipseLogger - Using platform encoding (Cp1252 actually) to copy filtered resources, i.e. build is platform dependent!
2023-06-27 00:29:18,233 [Worker-39: Building] INFO  o.e.m.c.i.embedder.EclipseLogger - Copying 0 resource
2023-06-27 00:30:16,523 [Worker-39: Building] WARN  o.e.m.c.i.embedder.EclipseLogger - Using platform encoding (Cp1252 actually) to copy filtered resources, i.e. build is platform dependent!
2023-06-27 00:30:16,525 [Worker-39: Building] INFO  o.e.m.c.i.embedder.EclipseLogger - Copying 0 resource
2023-06-27 00:30:16,528 [Worker-39: Building] WARN  o.e.m.c.i.embedder.EclipseLogger - Using platform encoding (Cp1252 actually) to copy filtered resources, i.e. build is platform dependent!
2023-06-27 00:30:16,528 [Worker-39: Building] INFO  o.e.m.c.i.embedder.EclipseLogger - Copying 0 resource
